
/home/runner/work/exp-grain-size-distribution-iiith/exp-grain-size-distribution-iiith/experiment/simulation/js/main.js
    6:8   warning  'instrMsg' is assigned a value but never used  no-unused-vars
   32:51  warning  'math' is not defined                          no-undef
   39:3   warning  Unnecessary semicolon                          no-extra-semi
   43:3   warning  Unnecessary semicolon                          no-extra-semi
   76:7   warning  'math' is not defined                          no-undef
   81:12  warning  'math' is not defined                          no-undef
   86:12  warning  'math' is not defined                          no-undef
  103:3   warning  Unnecessary semicolon                          no-extra-semi
  123:3   warning  Unnecessary semicolon                          no-extra-semi
  129:3   warning  Unnecessary semicolon                          no-extra-semi
  136:4   warning  Unnecessary semicolon                          no-extra-semi
  155:4   warning  Unnecessary semicolon                          no-extra-semi
  156:3   warning  Unnecessary semicolon                          no-extra-semi
  171:4   warning  Unnecessary semicolon                          no-extra-semi
  198:4   warning  Unnecessary semicolon                          no-extra-semi
  201:41  warning  'ix' is defined but never used                 no-unused-vars
  204:4   warning  Unnecessary semicolon                          no-extra-semi
  227:4   warning  Unnecessary semicolon                          no-extra-semi
  228:3   warning  Unnecessary semicolon                          no-extra-semi
  236:4   warning  Unnecessary semicolon                          no-extra-semi
  252:4   warning  Unnecessary semicolon                          no-extra-semi
  253:3   warning  Unnecessary semicolon                          no-extra-semi
  264:4   warning  Unnecessary semicolon                          no-extra-semi
  267:28  warning  'math' is not defined                          no-undef
  273:4   warning  Unnecessary semicolon                          no-extra-semi
  280:4   warning  Unnecessary semicolon                          no-extra-semi
  281:3   warning  Unnecessary semicolon                          no-extra-semi
  291:4   warning  Unnecessary semicolon                          no-extra-semi
  295:4   warning  Unnecessary semicolon                          no-extra-semi
  296:3   warning  Unnecessary semicolon                          no-extra-semi
  304:4   warning  Unnecessary semicolon                          no-extra-semi
  390:4   warning  Unnecessary semicolon                          no-extra-semi
  391:3   warning  Unnecessary semicolon                          no-extra-semi
  396:17  warning  'math' is not defined                          no-undef
  402:3   warning  Unnecessary semicolon                          no-extra-semi
  432:3   warning  Unnecessary semicolon                          no-extra-semi
  467:4   warning  'Plotly' is not defined                        no-undef
  474:3   warning  Unnecessary semicolon                          no-extra-semi
  502:3   warning  Unnecessary semicolon                          no-extra-semi
  519:3   warning  Unnecessary semicolon                          no-extra-semi
  526:46  warning  'ind' is defined but never used                no-unused-vars
  533:56  warning  'ix' is defined but never used                 no-unused-vars
  540:3   warning  Unnecessary semicolon                          no-extra-semi
  543:34  warning  'ind' is defined but never used                no-unused-vars
  545:47  warning  'i' is defined but never used                  no-unused-vars
  546:53  warning  'ix' is defined but never used                 no-unused-vars
  553:3   warning  Unnecessary semicolon                          no-extra-semi
  567:30  warning  'ind' is defined but never used                no-unused-vars
  623:3   warning  Unnecessary semicolon                          no-extra-semi
  644:3   warning  Unnecessary semicolon                          no-extra-semi
  652:8   warning  'fill' is assigned a value but never used      no-unused-vars
  652:26  warning  'border' is assigned a value but never used    no-unused-vars
  684:34  warning  'ind' is defined but never used                no-unused-vars
  686:42  warning  'event' is defined but never used              no-unused-vars
  705:50  warning  'event' is defined but never used              no-unused-vars
  730:3   warning  Unnecessary semicolon                          no-extra-semi
  745:35  warning  'ind' is defined but never used                no-unused-vars
  803:41  warning  'index' is defined but never used              no-unused-vars
  876:3   warning  Unnecessary semicolon                          no-extra-semi

✖ 59 problems (0 errors, 59 warnings)
  0 errors and 37 warnings potentially fixable with the `--fix` option.

